<?xml version="1.0" encoding="UTF-8"?>
<testsuite xmlns:xsi="http://www.w3.org/2001/XMLSchema-instance" xsi:noNamespaceSchemaLocation="https://maven.apache.org/surefire/maven-surefire-plugin/xsd/surefire-test-report.xsd" name="edu.uvg.AppTest" time="0.04" tests="1" errors="0" skipped="0" failures="0">
  <properties>
    <property name="java.specification.version" value="22"/>
    <property name="sun.cpu.isalist" value="amd64"/>
    <property name="sun.jnu.encoding" value="Cp1252"/>
    <property name="java.class.path" value="C:\Users\dquan\OneDrive\Documentos\Diego Quan\UVG\Ciclo 3\Algoritmos y Estructura de datos\Hoja de trabajo 2\HDT-2\ht2\target\test-classes;C:\Users\dquan\OneDrive\Documentos\Diego Quan\UVG\Ciclo 3\Algoritmos y Estructura de datos\Hoja de trabajo 2\HDT-2\ht2\target\classes;C:\Users\dquan\.m2\repository\junit\junit\4.11\junit-4.11.jar;C:\Users\dquan\.m2\repository\org\hamcrest\hamcrest-core\1.3\hamcrest-core-1.3.jar;"/>
    <property name="java.vm.vendor" value="Oracle Corporation"/>
    <property name="sun.arch.data.model" value="64"/>
    <property name="user.variant" value=""/>
    <property name="java.vendor.url" value="https://java.oracle.com/"/>
    <property name="user.timezone" value="America/Guatemala"/>
    <property name="os.name" value="Windows 11"/>
    <property name="java.vm.specification.version" value="22"/>
    <property name="user.country" value="GT"/>
    <property name="sun.java.launcher" value="SUN_STANDARD"/>
    <property name="sun.boot.library.path" value="C:\Program Files\Java\jdk-22\bin"/>
    <property name="sun.java.command" value="C:\Users\dquan\AppData\Local\Temp\surefire16256206984258946282\surefirebooter7860942617068126903.jar C:\Users\dquan\AppData\Local\Temp\surefire16256206984258946282 2025-02-03T13-30-54_210-jvmRun1 surefire6437505070459927210tmp surefire_04142922913607695053tmp"/>
    <property name="jdk.debug" value="release"/>
    <property name="test" value="edu.uvg.AppTest#shouldAnswerWithTrue"/>
    <property name="surefire.test.class.path" value="C:\Users\dquan\OneDrive\Documentos\Diego Quan\UVG\Ciclo 3\Algoritmos y Estructura de datos\Hoja de trabajo 2\HDT-2\ht2\target\test-classes;C:\Users\dquan\OneDrive\Documentos\Diego Quan\UVG\Ciclo 3\Algoritmos y Estructura de datos\Hoja de trabajo 2\HDT-2\ht2\target\classes;C:\Users\dquan\.m2\repository\junit\junit\4.11\junit-4.11.jar;C:\Users\dquan\.m2\repository\org\hamcrest\hamcrest-core\1.3\hamcrest-core-1.3.jar;"/>
    <property name="sun.cpu.endian" value="little"/>
    <property name="user.home" value="C:\Users\dquan"/>
    <property name="user.language" value="es"/>
    <property name="java.specification.vendor" value="Oracle Corporation"/>
    <property name="java.version.date" value="2024-04-16"/>
    <property name="java.home" value="C:\Program Files\Java\jdk-22"/>
    <property name="file.separator" value="\"/>
    <property name="basedir" value="C:\Users\dquan\OneDrive\Documentos\Diego Quan\UVG\Ciclo 3\Algoritmos y Estructura de datos\Hoja de trabajo 2\HDT-2\ht2"/>
    <property name="java.vm.compressedOopsMode" value="Zero based"/>
    <property name="line.separator" value="&#10;"/>
    <property name="java.vm.specification.vendor" value="Oracle Corporation"/>
    <property name="java.specification.name" value="Java Platform API Specification"/>
    <property name="surefire.real.class.path" value="C:\Users\dquan\AppData\Local\Temp\surefire16256206984258946282\surefirebooter7860942617068126903.jar"/>
    <property name="user.script" value=""/>
    <property name="sun.management.compiler" value="HotSpot 64-Bit Tiered Compilers"/>
    <property name="java.runtime.version" value="22.0.1+8-16"/>
    <property name="user.name" value="dquan"/>
    <property name="stdout.encoding" value="Cp1252"/>
    <property name="path.separator" value=";"/>
    <property name="os.version" value="10.0"/>
    <property name="java.runtime.name" value="Java(TM) SE Runtime Environment"/>
    <property name="file.encoding" value="UTF-8"/>
    <property name="java.vm.name" value="Java HotSpot(TM) 64-Bit Server VM"/>
    <property name="maven.ext.class.path" value="C:\Users\dquan\.vscode\extensions\oracle.oracle-java-23.0.1\nbcode\java\maven-nblib\netbeans-eventspy.jar"/>
    <property name="localRepository" value="C:\Users\dquan\.m2\repository"/>
    <property name="java.vendor.url.bug" value="https://bugreport.java.com/bugreport/"/>
    <property name="java.io.tmpdir" value="C:\Users\dquan\AppData\Local\Temp\"/>
    <property name="java.version" value="22.0.1"/>
    <property name="user.dir" value="C:\Users\dquan\OneDrive\Documentos\Diego Quan\UVG\Ciclo 3\Algoritmos y Estructura de datos\Hoja de trabajo 2\HDT-2\ht2"/>
    <property name="os.arch" value="amd64"/>
    <property name="java.vm.specification.name" value="Java Virtual Machine Specification"/>
    <property name="sun.os.patch.level" value=""/>
    <property name="native.encoding" value="Cp1252"/>
    <property name="java.library.path" value="C:\Program Files\Java\jdk-22\bin;C:\WINDOWS\Sun\Java\bin;C:\WINDOWS\system32;C:\WINDOWS;C:\Program Files\Python312\Scripts\;C:\Program Files\Python312\;C:\Program Files\Java\jdk-22\bin;C:\Program Files\Common Files\Oracle\Java\javapath;C:\WINDOWS\system32;C:\WINDOWS;C:\WINDOWS\System32\Wbem;C:\WINDOWS\System32\WindowsPowerShell\v1.0\;C:\WINDOWS\System32\OpenSSH\;C:\Program Files\dotnet\;C:\Program Files\PuTTY\;C:\Program Files\Git\cmd;C:\Program Files\Apache\apache-maven-3.9.9\bin;C:\Program Files\Java\jdk-22\bin;C:\Users\dquan\AppData\Local\Programs\Microsoft VS Code\bin;C:\Users\dquan\.dotnet\tools;;C:\Users\dquan\AppData\Local\Microsoft\WindowsApps;."/>
    <property name="java.vm.info" value="mixed mode, sharing"/>
    <property name="stderr.encoding" value="Cp1252"/>
    <property name="java.vendor" value="Oracle Corporation"/>
    <property name="java.vm.version" value="22.0.1+8-16"/>
    <property name="sun.io.unicode.encoding" value="UnicodeLittle"/>
    <property name="java.class.version" value="66.0"/>
  </properties>
  <testcase name="shouldAnswerWithTrue" classname="edu.uvg.AppTest" time="0.003"/>
</testsuite>